<?xml version="1.0" encoding="UTF-8"?>
<testsuite xmlns:xsi="http://www.w3.org/2001/XMLSchema-instance" xsi:noNamespaceSchemaLocation="https://maven.apache.org/surefire/maven-surefire-plugin/xsd/surefire-test-report.xsd" name="TestBaccaratGame" time="0.001" tests="9" errors="0" skipped="0" failures="0">
  <properties>
[...]
</properties>
  <testcase name="testBGConstructorTotalWinnings" classname="TestBaccaratGame" time="0"/>
  <testcase name="testBGConstructorBankerHand" classname="TestBaccaratGame" time="0"/>
  <testcase name="testBGConstructorPlayerHand" classname="TestBaccaratGame" time="0"/>
  <testcase name="testBGConstructorTheDealer" classname="TestBaccaratGame" time="0"/>
  <testcase name="testEvaluateWinningsPlayerLosing" classname="TestBaccaratGame" time="0.001"/>
  <testcase name="testEvaluateWinningsBanker" classname="TestBaccaratGame" time="0"/>
  <testcase name="testEvaluateWinningsDraw" classname="TestBaccaratGame" time="0"/>
  <testcase name="testEvaluateWinningsPlayer" classname="TestBaccaratGame" time="0"/>
  <testcase name="testBGConstructorCurrentBet" classname="TestBaccaratGame" time="0"/>
</testsuite>