<?xml version="1.0" encoding="UTF-8"?>
<testsuite xmlns:xsi="http://www.w3.org/2001/XMLSchema-instance" xsi:noNamespaceSchemaLocation="https://maven.apache.org/surefire/maven-surefire-plugin/xsd/surefire-test-report.xsd" name="TestBaccaratGameLogic" time="0.07" tests="36" errors="0" skipped="0" failures="0">
  <properties>
[...]
</properties>
  <testcase name="testEvaluateBankerDrawNineFalse" classname="TestBaccaratGameLogic" time="0.022"/>
  <testcase name="testHandTotalFaceCardsNonZero" classname="TestBaccaratGameLogic" time="0.001"/>
  <testcase name="testEvaluateBankerDrawFiveFalse" classname="TestBaccaratGameLogic" time="0"/>
  <testcase name="testEvaluateBankerDrawTwoFalse" classname="TestBaccaratGameLogic" time="0"/>
  <testcase name="testHandTotalTwoCardsLessThanNine" classname="TestBaccaratGameLogic" time="0"/>
  <testcase name="testEvaluateBankerDrawOneFalse" classname="TestBaccaratGameLogic" time="0"/>
  <testcase name="testEvaluateBankerDrawSixTrue" classname="TestBaccaratGameLogic" time="0.001"/>
  <testcase name="testEvaluateBankerDrawZeroFalse" classname="TestBaccaratGameLogic" time="0.001"/>
  <testcase name="testHandTotalThreeGreaterThanNine" classname="TestBaccaratGameLogic" time="0"/>
  <testcase name="testEvaluateBankerDrawNullTrue" classname="TestBaccaratGameLogic" time="0.001"/>
  <testcase name="testHandTotalFaceCardsZero" classname="TestBaccaratGameLogic" time="0.001"/>
  <testcase name="testWhoWonBanker" classname="TestBaccaratGameLogic" time="0.001"/>
  <testcase name="testEvaluateBankerDrawFourFalse" classname="TestBaccaratGameLogic" time="0.001"/>
  <testcase name="testHandTotalThreeCardsEqualsNine" classname="TestBaccaratGameLogic" time="0"/>
  <testcase name="testEvaluateBankerDrawEightFalse" classname="TestBaccaratGameLogic" time="0"/>
  <testcase name="testHandTotalThreeCardsLessThanNine" classname="TestBaccaratGameLogic" time="0"/>
  <testcase name="testEvaluateBankerDrawEightTrue" classname="TestBaccaratGameLogic" time="0.001"/>
  <testcase name="testEvaluateBankerDrawOneTrue" classname="TestBaccaratGameLogic" time="0"/>
  <testcase name="testWhoWonPlayer" classname="TestBaccaratGameLogic" time="0"/>
  <testcase name="testHandTotalTwoCardsEqualsNine" classname="TestBaccaratGameLogic" time="0.001"/>
  <testcase name="testEvaluateBankerDrawTwoTrue" classname="TestBaccaratGameLogic" time="0.001"/>
  <testcase name="testEvaluateBankerDrawNullFalse" classname="TestBaccaratGameLogic" time="0.001"/>
  <testcase name="testHandTotalTwoCardsGreaterThanNineEqualsZero" classname="TestBaccaratGameLogic" time="0"/>
  <testcase name="testEvaluateBankerDrawFiveTrue" classname="TestBaccaratGameLogic" time="0.001"/>
  <testcase name="testEvaluatePlayerDrawFalse" classname="TestBaccaratGameLogic" time="0.001"/>
  <testcase name="testEvaluatePlayerDrawTrue" classname="TestBaccaratGameLogic" time="0.002"/>
  <testcase name="testHandTotalTwoCardsGreaterThanNineNonZero" classname="TestBaccaratGameLogic" time="0"/>
  <testcase name="testEvaluateBankerDrawNineTrue" classname="TestBaccaratGameLogic" time="0.001"/>
  <testcase name="testEvaluateBankerDrawFourTrue" classname="TestBaccaratGameLogic" time="0.001"/>
  <testcase name="testEvaluateBankerDrawSevenFalse" classname="TestBaccaratGameLogic" time="0.001"/>
  <testcase name="testEvaluateBankerDrawThreeFalse" classname="TestBaccaratGameLogic" time="0"/>
  <testcase name="testEvaluateBankerDrawZeroTrue" classname="TestBaccaratGameLogic" time="0"/>
  <testcase name="testEvaluateBankerDrawSixFalse" classname="TestBaccaratGameLogic" time="0"/>
  <testcase name="testWhoWonDraw" classname="TestBaccaratGameLogic" time="0"/>
  <testcase name="testEvaluateBankerDrawThreeTrue" classname="TestBaccaratGameLogic" time="0.001"/>
  <testcase name="testEvaluateBankerDrawSevenTrue" classname="TestBaccaratGameLogic" time="0.001"/>
</testsuite>