<?xml version="1.0" encoding="UTF-8"?>
<testsuite xmlns:xsi="http://www.w3.org/2001/XMLSchema-instance" xsi:noNamespaceSchemaLocation="https://maven.apache.org/surefire/maven-surefire-plugin/xsd/surefire-test-report.xsd" name="TestBaccaratDealer" time="0.228" tests="128" errors="0" skipped="0" failures="0">
  <properties>
[...]
</properties>
  <testcase name="testBaccaratDealerDealHandEmpty" classname="TestBaccaratDealer" time="0"/>
  <testcase name="testBaccaratDealerGenerateDeckValuesSpades{int}[1]" classname="TestBaccaratDealer" time="0.024"/>
  <testcase name="testBaccaratDealerGenerateDeckValuesSpades{int}[2]" classname="TestBaccaratDealer" time="0"/>
  <testcase name="testBaccaratDealerGenerateDeckValuesSpades{int}[3]" classname="TestBaccaratDealer" time="0"/>
  <testcase name="testBaccaratDealerGenerateDeckValuesSpades{int}[4]" classname="TestBaccaratDealer" time="0.001"/>
  <testcase name="testBaccaratDealerGenerateDeckValuesSpades{int}[5]" classname="TestBaccaratDealer" time="0.001"/>
  <testcase name="testBaccaratDealerGenerateDeckValuesSpades{int}[6]" classname="TestBaccaratDealer" time="0.001"/>
  <testcase name="testBaccaratDealerGenerateDeckValuesSpades{int}[7]" classname="TestBaccaratDealer" time="0.001"/>
  <testcase name="testBaccaratDealerGenerateDeckValuesSpades{int}[8]" classname="TestBaccaratDealer" time="0.001"/>
  <testcase name="testBaccaratDealerGenerateDeckValuesSpades{int}[9]" classname="TestBaccaratDealer" time="0.001"/>
  <testcase name="testBaccaratDealerGenerateDeckValuesSpades{int}[10]" classname="TestBaccaratDealer" time="0.001"/>
  <testcase name="testBaccaratDealerGenerateDeckValuesSpades{int}[11]" classname="TestBaccaratDealer" time="0.001"/>
  <testcase name="testBaccaratDealerGenerateDeckValuesSpades{int}[12]" classname="TestBaccaratDealer" time="0"/>
  <testcase name="testBaccaratDealerGenerateDeckValuesSpades{int}[13]" classname="TestBaccaratDealer" time="0"/>
  <testcase name="testBaccaratDealerDeckSizeAfterDeal" classname="TestBaccaratDealer" time="0.001"/>
  <testcase name="testBaccaratDealerDeckSizeAfterDraw" classname="TestBaccaratDealer" time="0.001"/>
  <testcase name="testBaccaratDealerShuffleDeckValuesClubs{int}[1]" classname="TestBaccaratDealer" time="0.001"/>
  <testcase name="testBaccaratDealerShuffleDeckValuesClubs{int}[2]" classname="TestBaccaratDealer" time="0.001"/>
  <testcase name="testBaccaratDealerShuffleDeckValuesClubs{int}[3]" classname="TestBaccaratDealer" time="0.001"/>
  <testcase name="testBaccaratDealerShuffleDeckValuesClubs{int}[4]" classname="TestBaccaratDealer" time="0.001"/>
  <testcase name="testBaccaratDealerShuffleDeckValuesClubs{int}[5]" classname="TestBaccaratDealer" time="0.001"/>
  <testcase name="testBaccaratDealerShuffleDeckValuesClubs{int}[6]" classname="TestBaccaratDealer" time="0.001"/>
  <testcase name="testBaccaratDealerShuffleDeckValuesClubs{int}[7]" classname="TestBaccaratDealer" time="0.001"/>
  <testcase name="testBaccaratDealerShuffleDeckValuesClubs{int}[8]" classname="TestBaccaratDealer" time="0.001"/>
  <testcase name="testBaccaratDealerShuffleDeckValuesClubs{int}[9]" classname="TestBaccaratDealer" time="0"/>
  <testcase name="testBaccaratDealerShuffleDeckValuesClubs{int}[10]" classname="TestBaccaratDealer" time="0.001"/>
  <testcase name="testBaccaratDealerShuffleDeckValuesClubs{int}[11]" classname="TestBaccaratDealer" time="0"/>
  <testcase name="testBaccaratDealerShuffleDeckValuesClubs{int}[12]" classname="TestBaccaratDealer" time="0.001"/>
  <testcase name="testBaccaratDealerShuffleDeckValuesClubs{int}[13]" classname="TestBaccaratDealer" time="0.001"/>
  <testcase name="testBaccaratDealerDealHandSize" classname="TestBaccaratDealer" time="0.001"/>
  <testcase name="testBaccaratDealerGenerateDeckValuesDiamonds{int}[1]" classname="TestBaccaratDealer" time="0.001"/>
  <testcase name="testBaccaratDealerGenerateDeckValuesDiamonds{int}[2]" classname="TestBaccaratDealer" time="0.001"/>
  <testcase name="testBaccaratDealerGenerateDeckValuesDiamonds{int}[3]" classname="TestBaccaratDealer" time="0.001"/>
  <testcase name="testBaccaratDealerGenerateDeckValuesDiamonds{int}[4]" classname="TestBaccaratDealer" time="0.001"/>
  <testcase name="testBaccaratDealerGenerateDeckValuesDiamonds{int}[5]" classname="TestBaccaratDealer" time="0"/>
  <testcase name="testBaccaratDealerGenerateDeckValuesDiamonds{int}[6]" classname="TestBaccaratDealer" time="0.001"/>
  <testcase name="testBaccaratDealerGenerateDeckValuesDiamonds{int}[7]" classname="TestBaccaratDealer" time="0"/>
  <testcase name="testBaccaratDealerGenerateDeckValuesDiamonds{int}[8]" classname="TestBaccaratDealer" time="0"/>
  <testcase name="testBaccaratDealerGenerateDeckValuesDiamonds{int}[9]" classname="TestBaccaratDealer" time="0"/>
  <testcase name="testBaccaratDealerGenerateDeckValuesDiamonds{int}[10]" classname="TestBaccaratDealer" time="0"/>
  <testcase name="testBaccaratDealerGenerateDeckValuesDiamonds{int}[11]" classname="TestBaccaratDealer" time="0"/>
  <testcase name="testBaccaratDealerGenerateDeckValuesDiamonds{int}[12]" classname="TestBaccaratDealer" time="0.001"/>
  <testcase name="testBaccaratDealerGenerateDeckValuesDiamonds{int}[13]" classname="TestBaccaratDealer" time="0.001"/>
  <testcase name="testBaccaratDealerDrawOneSize" classname="TestBaccaratDealer" time="0.001"/>
  <testcase name="testBaccaratDealerDeckSizeFullDeck" classname="TestBaccaratDealer" time="0"/>
  <testcase name="testBaccaratDealerShuffleDeckValuesDiamonds{int}[1]" classname="TestBaccaratDealer" time="0"/>
  <testcase name="testBaccaratDealerShuffleDeckValuesDiamonds{int}[2]" classname="TestBaccaratDealer" time="0.001"/>
  <testcase name="testBaccaratDealerShuffleDeckValuesDiamonds{int}[3]" classname="TestBaccaratDealer" time="0.001"/>
  <testcase name="testBaccaratDealerShuffleDeckValuesDiamonds{int}[4]" classname="TestBaccaratDealer" time="0"/>
  <testcase name="testBaccaratDealerShuffleDeckValuesDiamonds{int}[5]" classname="TestBaccaratDealer" time="0.001"/>
  <testcase name="testBaccaratDealerShuffleDeckValuesDiamonds{int}[6]" classname="TestBaccaratDealer" time="0"/>
  <testcase name="testBaccaratDealerShuffleDeckValuesDiamonds{int}[7]" classname="TestBaccaratDealer" time="0.001"/>
  <testcase name="testBaccaratDealerShuffleDeckValuesDiamonds{int}[8]" classname="TestBaccaratDealer" time="0.001"/>
  <testcase name="testBaccaratDealerShuffleDeckValuesDiamonds{int}[9]" classname="TestBaccaratDealer" time="0.001"/>
  <testcase name="testBaccaratDealerShuffleDeckValuesDiamonds{int}[10]" classname="TestBaccaratDealer" time="0.001"/>
  <testcase name="testBaccaratDealerShuffleDeckValuesDiamonds{int}[11]" classname="TestBaccaratDealer" time="0"/>
  <testcase name="testBaccaratDealerShuffleDeckValuesDiamonds{int}[12]" classname="TestBaccaratDealer" time="0"/>
  <testcase name="testBaccaratDealerShuffleDeckValuesDiamonds{int}[13]" classname="TestBaccaratDealer" time="0.001"/>
  <testcase name="testBaccaratDealerDealHandREmoveFromDeckSize" classname="TestBaccaratDealer" time="0"/>
  <testcase name="testBaccaratDealerDealHandREmoveFromDeckValues" classname="TestBaccaratDealer" time="0"/>
  <testcase name="testBaccaratDealerConstructor" classname="TestBaccaratDealer" time="0.001"/>
  <testcase name="testBaccaratDealerDrawOneTopOfDeck" classname="TestBaccaratDealer" time="0.001"/>
  <testcase name="testBaccaratDealerDeckSizeEmptyDeck" classname="TestBaccaratDealer" time="0.001"/>
  <testcase name="testBaccaratDealerDrawOneEmpty" classname="TestBaccaratDealer" time="0"/>
  <testcase name="testBaccaratDealerGenerateDeckNotEmpty" classname="TestBaccaratDealer" time="0"/>
  <testcase name="testBaccaratDealerGenerateDeckLen52" classname="TestBaccaratDealer" time="0"/>
  <testcase name="testBaccaratDealerShuffleDeckNotEmpty" classname="TestBaccaratDealer" time="0"/>
  <testcase name="testBaccaratDealerShuffleDeckNotEqual" classname="TestBaccaratDealer" time="0.001"/>
  <testcase name="testBaccaratDealerDealHandFirstElemSuite" classname="TestBaccaratDealer" time="0"/>
  <testcase name="testBaccaratDealerDealHandFirstElemValue" classname="TestBaccaratDealer" time="0"/>
  <testcase name="testBaccaratDealerGenerateDeckValuesClubs{int}[1]" classname="TestBaccaratDealer" time="0.001"/>
  <testcase name="testBaccaratDealerGenerateDeckValuesClubs{int}[2]" classname="TestBaccaratDealer" time="0"/>
  <testcase name="testBaccaratDealerGenerateDeckValuesClubs{int}[3]" classname="TestBaccaratDealer" time="0.001"/>
  <testcase name="testBaccaratDealerGenerateDeckValuesClubs{int}[4]" classname="TestBaccaratDealer" time="0.001"/>
  <testcase name="testBaccaratDealerGenerateDeckValuesClubs{int}[5]" classname="TestBaccaratDealer" time="0"/>
  <testcase name="testBaccaratDealerGenerateDeckValuesClubs{int}[6]" classname="TestBaccaratDealer" time="0.001"/>
  <testcase name="testBaccaratDealerGenerateDeckValuesClubs{int}[7]" classname="TestBaccaratDealer" time="0.001"/>
  <testcase name="testBaccaratDealerGenerateDeckValuesClubs{int}[8]" classname="TestBaccaratDealer" time="0.001"/>
  <testcase name="testBaccaratDealerGenerateDeckValuesClubs{int}[9]" classname="TestBaccaratDealer" time="0"/>
  <testcase name="testBaccaratDealerGenerateDeckValuesClubs{int}[10]" classname="TestBaccaratDealer" time="0"/>
  <testcase name="testBaccaratDealerGenerateDeckValuesClubs{int}[11]" classname="TestBaccaratDealer" time="0.001"/>
  <testcase name="testBaccaratDealerGenerateDeckValuesClubs{int}[12]" classname="TestBaccaratDealer" time="0"/>
  <testcase name="testBaccaratDealerGenerateDeckValuesClubs{int}[13]" classname="TestBaccaratDealer" time="0"/>
  <testcase name="testBaccaratDealerShuffleDeckEmpty" classname="TestBaccaratDealer" time="0"/>
  <testcase name="testBaccaratDealerShuffleDeckValuesHearts{int}[1]" classname="TestBaccaratDealer" time="0"/>
  <testcase name="testBaccaratDealerShuffleDeckValuesHearts{int}[2]" classname="TestBaccaratDealer" time="0"/>
  <testcase name="testBaccaratDealerShuffleDeckValuesHearts{int}[3]" classname="TestBaccaratDealer" time="0"/>
  <testcase name="testBaccaratDealerShuffleDeckValuesHearts{int}[4]" classname="TestBaccaratDealer" time="0"/>
  <testcase name="testBaccaratDealerShuffleDeckValuesHearts{int}[5]" classname="TestBaccaratDealer" time="0.001"/>
  <testcase name="testBaccaratDealerShuffleDeckValuesHearts{int}[6]" classname="TestBaccaratDealer" time="0.001"/>
  <testcase name="testBaccaratDealerShuffleDeckValuesHearts{int}[7]" classname="TestBaccaratDealer" time="0"/>
  <testcase name="testBaccaratDealerShuffleDeckValuesHearts{int}[8]" classname="TestBaccaratDealer" time="0.001"/>
  <testcase name="testBaccaratDealerShuffleDeckValuesHearts{int}[9]" classname="TestBaccaratDealer" time="0.001"/>
  <testcase name="testBaccaratDealerShuffleDeckValuesHearts{int}[10]" classname="TestBaccaratDealer" time="0"/>
  <testcase name="testBaccaratDealerShuffleDeckValuesHearts{int}[11]" classname="TestBaccaratDealer" time="0"/>
  <testcase name="testBaccaratDealerShuffleDeckValuesHearts{int}[12]" classname="TestBaccaratDealer" time="0"/>
  <testcase name="testBaccaratDealerShuffleDeckValuesHearts{int}[13]" classname="TestBaccaratDealer" time="0.001"/>
  <testcase name="testBaccaratDealerDealHandSecondElemSuite" classname="TestBaccaratDealer" time="0.001"/>
  <testcase name="testBaccaratDealerDealHandSecondElemValue" classname="TestBaccaratDealer" time="0"/>
  <testcase name="testBaccaratDealerShuffleDeckValuesSpades{int}[1]" classname="TestBaccaratDealer" time="0"/>
  <testcase name="testBaccaratDealerShuffleDeckValuesSpades{int}[2]" classname="TestBaccaratDealer" time="0.001"/>
  <testcase name="testBaccaratDealerShuffleDeckValuesSpades{int}[3]" classname="TestBaccaratDealer" time="0.001"/>
  <testcase name="testBaccaratDealerShuffleDeckValuesSpades{int}[4]" classname="TestBaccaratDealer" time="0"/>
  <testcase name="testBaccaratDealerShuffleDeckValuesSpades{int}[5]" classname="TestBaccaratDealer" time="0"/>
  <testcase name="testBaccaratDealerShuffleDeckValuesSpades{int}[6]" classname="TestBaccaratDealer" time="0"/>
  <testcase name="testBaccaratDealerShuffleDeckValuesSpades{int}[7]" classname="TestBaccaratDealer" time="0"/>
  <testcase name="testBaccaratDealerShuffleDeckValuesSpades{int}[8]" classname="TestBaccaratDealer" time="0"/>
  <testcase name="testBaccaratDealerShuffleDeckValuesSpades{int}[9]" classname="TestBaccaratDealer" time="0.001"/>
  <testcase name="testBaccaratDealerShuffleDeckValuesSpades{int}[10]" classname="TestBaccaratDealer" time="0.001"/>
  <testcase name="testBaccaratDealerShuffleDeckValuesSpades{int}[11]" classname="TestBaccaratDealer" time="0"/>
  <testcase name="testBaccaratDealerShuffleDeckValuesSpades{int}[12]" classname="TestBaccaratDealer" time="0"/>
  <testcase name="testBaccaratDealerShuffleDeckValuesSpades{int}[13]" classname="TestBaccaratDealer" time="0"/>
  <testcase name="testBaccaratDealerShuffleDeckSize" classname="TestBaccaratDealer" time="0"/>
  <testcase name="testBaccaratDealerGenerateDeckValuesHearts{int}[1]" classname="TestBaccaratDealer" time="0"/>
  <testcase name="testBaccaratDealerGenerateDeckValuesHearts{int}[2]" classname="TestBaccaratDealer" time="0.001"/>
  <testcase name="testBaccaratDealerGenerateDeckValuesHearts{int}[3]" classname="TestBaccaratDealer" time="0.001"/>
  <testcase name="testBaccaratDealerGenerateDeckValuesHearts{int}[4]" classname="TestBaccaratDealer" time="0.001"/>
  <testcase name="testBaccaratDealerGenerateDeckValuesHearts{int}[5]" classname="TestBaccaratDealer" time="0.001"/>
  <testcase name="testBaccaratDealerGenerateDeckValuesHearts{int}[6]" classname="TestBaccaratDealer" time="0.001"/>
  <testcase name="testBaccaratDealerGenerateDeckValuesHearts{int}[7]" classname="TestBaccaratDealer" time="0"/>
  <testcase name="testBaccaratDealerGenerateDeckValuesHearts{int}[8]" classname="TestBaccaratDealer" time="0"/>
  <testcase name="testBaccaratDealerGenerateDeckValuesHearts{int}[9]" classname="TestBaccaratDealer" time="0"/>
  <testcase name="testBaccaratDealerGenerateDeckValuesHearts{int}[10]" classname="TestBaccaratDealer" time="0"/>
  <testcase name="testBaccaratDealerGenerateDeckValuesHearts{int}[11]" classname="TestBaccaratDealer" time="0"/>
  <testcase name="testBaccaratDealerGenerateDeckValuesHearts{int}[12]" classname="TestBaccaratDealer" time="0.001"/>
  <testcase name="testBaccaratDealerGenerateDeckValuesHearts{int}[13]" classname="TestBaccaratDealer" time="0.001"/>
  <testcase name="testBaccaratDealerDrawOneNonEmptySuite" classname="TestBaccaratDealer" time="0"/>
  <testcase name="testBaccaratDealerDrawOneNonEmptyValue" classname="TestBaccaratDealer" time="0.001"/>
</testsuite>